<?xml version="1.0" encoding="UTF-8"?>
<!-- Generated by org.testng.reporters.JUnitReportReporter -->
<testsuite skipped="0" hostname="PREM-OPTIMUS" name="day8.updateUser" tests="1" failures="0" timestamp="06 Sep 2024 03:51:10 GMT" time="0.001" errors="0">
  <testcase name="updateUser" time="0.001" classname="day8.updateUser"/>
</testsuite> <!-- day8.updateUser -->
