<?xml version="1.0" encoding="UTF-8"?>
<!-- Generated by org.testng.reporters.JUnitReportReporter -->
<testsuite skipped="0" hostname="PREM-OPTIMUS" name="day3.Pathandqueryparameters" tests="1" failures="0" timestamp="21 Nov 2023 14:18:38 GMT" time="3.365" errors="0">
  <testcase name="testQueryAndPathParameters" time="3.365" classname="day3.Pathandqueryparameters"/>
</testsuite> <!-- day3.Pathandqueryparameters -->
