<?xml version="1.0" encoding="UTF-8"?>
<!-- Generated by org.testng.reporters.JUnitReportReporter -->
<testsuite skipped="0" hostname="PREM-OPTIMUS" name="day2.WaystoCreatePostRequests" tests="2" failures="0" timestamp="17 Sep 2024 04:42:09 GMT" time="10.795" errors="2">
  <testcase name="TESTPostexternalJsonFILE" time="6.663" classname="day2.WaystoCreatePostRequests">
    <error type="java.net.ConnectException" message="Connection refused: connect">
      <![CDATA[java.net.ConnectException: Connection refused: connectat java.net.DualStackPlainSocketImpl.connect0(Native Method)at java.net.DualStackPlainSocketImpl.socketConnect(DualStackPlainSocketImpl.java:75)at java.net.AbstractPlainSocketImpl.doConnect(AbstractPlainSocketImpl.java:476)at java.net.AbstractPlainSocketImpl.connectToAddress(AbstractPlainSocketImpl.java:218)at java.net.AbstractPlainSocketImpl.connect(AbstractPlainSocketImpl.java:200)at java.net.PlainSocketImpl.connect(PlainSocketImpl.java:162)at java.net.SocksSocketImpl.connect(SocksSocketImpl.java:394)at java.net.Socket.connect(Socket.java:606)at org.apache.http.conn.scheme.PlainSocketFactory.connectSocket(PlainSocketFactory.java:121)at org.apache.http.impl.conn.DefaultClientConnectionOperator.openConnection(DefaultClientConnectionOperator.java:180)at org.apache.http.impl.conn.ManagedClientConnectionImpl.open(ManagedClientConnectionImpl.java:326)at org.apache.http.impl.client.DefaultRequestDirector.tryConnect(DefaultRequestDirector.java:605)at org.apache.http.impl.client.DefaultRequestDirector.execute(DefaultRequestDirector.java:440)at org.apache.http.impl.client.AbstractHttpClient.doExecute(AbstractHttpClient.java:835)at org.apache.http.impl.client.CloseableHttpClient.execute(CloseableHttpClient.java:83)at io.restassured.internal.RestAssuredHttpBuilder.doRequest(RestAssuredHttpBuilder.java:141)at io.restassured.internal.http.HTTPBuilder.post(HTTPBuilder.java:349)at io.restassured.internal.http.HTTPBuilder$post$2.call(Unknown Source)at org.codehaus.groovy.runtime.callsite.CallSiteArray.defaultCall(CallSiteArray.java:46)at org.codehaus.groovy.runtime.callsite.AbstractCallSite.call(AbstractCallSite.java:125)at org.codehaus.groovy.runtime.callsite.AbstractCallSite.call(AbstractCallSite.java:148)at io.restassured.internal.RequestSpecificationImpl.sendRequest(RequestSpecificationImpl.groovy:1195)at io.restassured.internal.RequestSpecificationImpl.this$2$sendRequest(RequestSpecificationImpl.groovy)at sun.reflect.NativeMethodAccessorImpl.invoke0(Native Method)at sun.reflect.NativeMethodAccessorImpl.invoke(NativeMethodAccessorImpl.java:62)at sun.reflect.DelegatingMethodAccessorImpl.invoke(DelegatingMethodAccessorImpl.java:43)at java.lang.reflect.Method.invoke(Method.java:498)at org.codehaus.groovy.reflection.CachedMethod.invoke(CachedMethod.java:343)at groovy.lang.MetaMethod.doMethodInvoke(MetaMethod.java:328)at groovy.lang.MetaClassImpl.doInvokeMethod(MetaClassImpl.java:1369)at groovy.lang.MetaClassImpl.invokeMethod(MetaClassImpl.java:1103)at groovy.lang.MetaClassImpl.invokeMethod(MetaClassImpl.java:1009)at groovy.lang.MetaClassImpl.invokeMethod(MetaClassImpl.java:792)at io.restassured.internal.RequestSpecificationImpl.invokeMethod(RequestSpecificationImpl.groovy)at org.codehaus.groovy.runtime.callsite.PogoInterceptableSite.call(PogoInterceptableSite.java:46)at org.codehaus.groovy.runtime.callsite.CallSiteArray.defaultCall(CallSiteArray.java:46)at org.codehaus.groovy.runtime.callsite.AbstractCallSite.call(AbstractCallSite.java:125)at org.codehaus.groovy.runtime.callsite.AbstractCallSite.call(AbstractCallSite.java:166)at io.restassured.internal.filter.SendRequestFilter.filter(SendRequestFilter.groovy:30)at io.restassured.filter.Filter$filter$0.call(Unknown Source)at org.codehaus.groovy.runtime.callsite.CallSiteArray.defaultCall(CallSiteArray.java:46)at io.restassured.filter.Filter$filter.call(Unknown Source)at io.restassured.internal.filter.FilterContextImpl.next(FilterContextImpl.groovy:72)at io.restassured.filter.time.TimingFilter.filter(TimingFilter.java:56)at io.restassured.filter.Filter$filter.call(Unknown Source)at org.codehaus.groovy.runtime.callsite.CallSiteArray.defaultCall(CallSiteArray.java:46)at org.codehaus.groovy.runtime.callsite.AbstractCallSite.call(AbstractCallSite.java:125)at org.codehaus.groovy.runtime.callsite.AbstractCallSite.call(AbstractCallSite.java:157)at io.restassured.internal.filter.FilterContextImpl.next(FilterContextImpl.groovy:72)at io.restassured.filter.FilterContext$next.call(Unknown Source)at org.codehaus.groovy.runtime.callsite.CallSiteArray.defaultCall(CallSiteArray.java:46)at org.codehaus.groovy.runtime.callsite.AbstractCallSite.call(AbstractCallSite.java:125)at org.codehaus.groovy.runtime.callsite.AbstractCallSite.call(AbstractCallSite.java:148)at io.restassured.internal.RequestSpecificationImpl.applyPathParamsAndSendRequest(RequestSpecificationImpl.groovy:1686)at io.restassured.internal.RequestSpecificationImpl.this$2$applyPathParamsAndSendRequest(RequestSpecificationImpl.groovy)at sun.reflect.NativeMethodAccessorImpl.invoke0(Native Method)at sun.reflect.NativeMethodAccessorImpl.invoke(NativeMethodAccessorImpl.java:62)at sun.reflect.DelegatingMethodAccessorImpl.invoke(DelegatingMethodAccessorImpl.java:43)at java.lang.reflect.Method.invoke(Method.java:498)at org.codehaus.groovy.reflection.CachedMethod.invoke(CachedMethod.java:343)at groovy.lang.MetaMethod.doMethodInvoke(MetaMethod.java:328)at groovy.lang.MetaClassImpl.doInvokeMethod(MetaClassImpl.java:1369)at groovy.lang.MetaClassImpl.invokeMethod(MetaClassImpl.java:1103)at groovy.lang.MetaClassImpl.invokeMethod(MetaClassImpl.java:1009)at groovy.lang.MetaClassImpl.invokeMethod(MetaClassImpl.java:792)at io.restassured.internal.RequestSpecificationImpl.invokeMethod(RequestSpecificationImpl.groovy)at org.codehaus.groovy.runtime.callsite.PogoInterceptableSite.call(PogoInterceptableSite.java:46)at org.codehaus.groovy.runtime.callsite.PogoInterceptableSite.callCurrent(PogoInterceptableSite.java:57)at org.codehaus.groovy.runtime.callsite.CallSiteArray.defaultCallCurrent(CallSiteArray.java:50)at org.codehaus.groovy.runtime.callsite.AbstractCallSite.callCurrent(AbstractCallSite.java:171)at org.codehaus.groovy.runtime.callsite.AbstractCallSite.callCurrent(AbstractCallSite.java:203)at io.restassured.internal.RequestSpecificationImpl.applyPathParamsAndSendRequest(RequestSpecificationImpl.groovy:1692)at io.restassured.internal.RequestSpecificationImpl.this$2$applyPathParamsAndSendRequest(RequestSpecificationImpl.groovy)at sun.reflect.NativeMethodAccessorImpl.invoke0(Native Method)at sun.reflect.NativeMethodAccessorImpl.invoke(NativeMethodAccessorImpl.java:62)at sun.reflect.DelegatingMethodAccessorImpl.invoke(DelegatingMethodAccessorImpl.java:43)at java.lang.reflect.Method.invoke(Method.java:498)at org.codehaus.groovy.reflection.CachedMethod.invoke(CachedMethod.java:343)at groovy.lang.MetaMethod.doMethodInvoke(MetaMethod.java:328)at groovy.lang.MetaClassImpl.doInvokeMethod(MetaClassImpl.java:1369)at groovy.lang.MetaClassImpl.invokeMethod(MetaClassImpl.java:1103)at groovy.lang.MetaClassImpl.invokeMethod(MetaClassImpl.java:1009)at groovy.lang.MetaClassImpl.invokeMethod(MetaClassImpl.java:792)at io.restassured.internal.RequestSpecificationImpl.invokeMethod(RequestSpecificationImpl.groovy)at org.codehaus.groovy.runtime.callsite.PogoInterceptableSite.call(PogoInterceptableSite.java:46)at org.codehaus.groovy.runtime.callsite.PogoInterceptableSite.callCurrent(PogoInterceptableSite.java:57)at org.codehaus.groovy.runtime.callsite.CallSiteArray.defaultCallCurrent(CallSiteArray.java:50)at org.codehaus.groovy.runtime.callsite.AbstractCallSite.callCurrent(AbstractCallSite.java:171)at org.codehaus.groovy.runtime.callsite.AbstractCallSite.callCurrent(AbstractCallSite.java:203)at io.restassured.internal.RequestSpecificationImpl.post(RequestSpecificationImpl.groovy:180)at io.restassured.internal.RequestSpecificationImpl.post(RequestSpecificationImpl.groovy)at day2.WaystoCreatePostRequests.TESTPostexternalJsonFILE(WaystoCreatePostRequests.java:171)at sun.reflect.NativeMethodAccessorImpl.invoke0(Native Method)at sun.reflect.NativeMethodAccessorImpl.invoke(NativeMethodAccessorImpl.java:62)at sun.reflect.DelegatingMethodAccessorImpl.invoke(DelegatingMethodAccessorImpl.java:43)at java.lang.reflect.Method.invoke(Method.java:498)at org.testng.internal.MethodInvocationHelper.invokeMethod(MethodInvocationHelper.java:124)at org.testng.internal.Invoker.invokeMethod(Invoker.java:571)at org.testng.internal.Invoker.invokeTestMethod(Invoker.java:707)at org.testng.internal.Invoker.invokeTestMethods(Invoker.java:979)at org.testng.internal.TestMethodWorker.invokeTestMethods(TestMethodWorker.java:125)at org.testng.internal.TestMethodWorker.run(TestMethodWorker.java:109)at org.testng.TestRunner.privateRun(TestRunner.java:648)at org.testng.TestRunner.run(TestRunner.java:505)at org.testng.SuiteRunner.runTest(SuiteRunner.java:455)at org.testng.SuiteRunner.runSequentially(SuiteRunner.java:450)at org.testng.SuiteRunner.privateRun(SuiteRunner.java:415)at org.testng.SuiteRunner.run(SuiteRunner.java:364)at org.testng.SuiteRunnerWorker.runSuite(SuiteRunnerWorker.java:52)at org.testng.SuiteRunnerWorker.run(SuiteRunnerWorker.java:84)at org.testng.TestNG.runSuitesSequentially(TestNG.java:1187)at org.testng.TestNG.runSuitesLocally(TestNG.java:1116)at org.testng.TestNG.runSuites(TestNG.java:1028)at org.testng.TestNG.run(TestNG.java:996)at org.testng.remote.AbstractRemoteTestNG.run(AbstractRemoteTestNG.java:114)at org.testng.remote.RemoteTestNG.initAndRun(RemoteTestNG.java:251)at org.testng.remote.RemoteTestNG.main(RemoteTestNG.java:77)]]>
    </error>
  </testcase> <!-- TESTPostexternalJsonFILE -->
  <testcase name="testDelete" time="4.132" classname="day2.WaystoCreatePostRequests">
    <error type="java.net.ConnectException" message="Connection refused: connect">
      <![CDATA[java.net.ConnectException: Connection refused: connectat java.net.DualStackPlainSocketImpl.connect0(Native Method)at java.net.DualStackPlainSocketImpl.socketConnect(DualStackPlainSocketImpl.java:75)at java.net.AbstractPlainSocketImpl.doConnect(AbstractPlainSocketImpl.java:476)at java.net.AbstractPlainSocketImpl.connectToAddress(AbstractPlainSocketImpl.java:218)at java.net.AbstractPlainSocketImpl.connect(AbstractPlainSocketImpl.java:200)at java.net.PlainSocketImpl.connect(PlainSocketImpl.java:162)at java.net.SocksSocketImpl.connect(SocksSocketImpl.java:394)at java.net.Socket.connect(Socket.java:606)at org.apache.http.conn.scheme.PlainSocketFactory.connectSocket(PlainSocketFactory.java:121)at org.apache.http.impl.conn.DefaultClientConnectionOperator.openConnection(DefaultClientConnectionOperator.java:180)at org.apache.http.impl.conn.ManagedClientConnectionImpl.open(ManagedClientConnectionImpl.java:326)at org.apache.http.impl.client.DefaultRequestDirector.tryConnect(DefaultRequestDirector.java:605)at org.apache.http.impl.client.DefaultRequestDirector.execute(DefaultRequestDirector.java:440)at org.apache.http.impl.client.AbstractHttpClient.doExecute(AbstractHttpClient.java:835)at org.apache.http.impl.client.CloseableHttpClient.execute(CloseableHttpClient.java:83)at io.restassured.internal.RestAssuredHttpBuilder.doRequest(RestAssuredHttpBuilder.java:141)at io.restassured.internal.http.HTTPBuilder.doRequest(HTTPBuilder.java:496)at io.restassured.internal.http.HTTPBuilder.request(HTTPBuilder.java:453)at io.restassured.internal.http.HTTPBuilder$request$3.call(Unknown Source)at org.codehaus.groovy.runtime.callsite.CallSiteArray.defaultCall(CallSiteArray.java:46)at org.codehaus.groovy.runtime.callsite.AbstractCallSite.call(AbstractCallSite.java:125)at org.codehaus.groovy.runtime.callsite.AbstractCallSite.call(AbstractCallSite.java:166)at io.restassured.internal.RequestSpecificationImpl.sendHttpRequest(RequestSpecificationImpl.groovy:1466)at io.restassured.internal.RequestSpecificationImpl.this$2$sendHttpRequest(RequestSpecificationImpl.groovy)at sun.reflect.NativeMethodAccessorImpl.invoke0(Native Method)at sun.reflect.NativeMethodAccessorImpl.invoke(NativeMethodAccessorImpl.java:62)at sun.reflect.DelegatingMethodAccessorImpl.invoke(DelegatingMethodAccessorImpl.java:43)at java.lang.reflect.Method.invoke(Method.java:498)at org.codehaus.groovy.reflection.CachedMethod.invoke(CachedMethod.java:343)at groovy.lang.MetaMethod.doMethodInvoke(MetaMethod.java:328)at groovy.lang.MetaClassImpl.doInvokeMethod(MetaClassImpl.java:1369)at groovy.lang.MetaClassImpl.invokeMethod(MetaClassImpl.java:1103)at groovy.lang.MetaClassImpl.invokeMethod(MetaClassImpl.java:1009)at groovy.lang.MetaClassImpl.invokeMethod(MetaClassImpl.java:792)at io.restassured.internal.RequestSpecificationImpl.invokeMethod(RequestSpecificationImpl.groovy)at org.codehaus.groovy.runtime.callsite.PogoInterceptableSite.call(PogoInterceptableSite.java:46)at org.codehaus.groovy.runtime.callsite.PogoInterceptableSite.callCurrent(PogoInterceptableSite.java:57)at org.codehaus.groovy.runtime.callsite.CallSiteArray.defaultCallCurrent(CallSiteArray.java:50)at org.codehaus.groovy.runtime.callsite.AbstractCallSite.callCurrent(AbstractCallSite.java:171)at io.restassured.internal.RequestSpecificationImpl.sendRequest(RequestSpecificationImpl.groovy:1215)at io.restassured.internal.RequestSpecificationImpl.this$2$sendRequest(RequestSpecificationImpl.groovy)at sun.reflect.NativeMethodAccessorImpl.invoke0(Native Method)at sun.reflect.NativeMethodAccessorImpl.invoke(NativeMethodAccessorImpl.java:62)at sun.reflect.DelegatingMethodAccessorImpl.invoke(DelegatingMethodAccessorImpl.java:43)at java.lang.reflect.Method.invoke(Method.java:498)at org.codehaus.groovy.reflection.CachedMethod.invoke(CachedMethod.java:343)at groovy.lang.MetaMethod.doMethodInvoke(MetaMethod.java:328)at groovy.lang.MetaClassImpl.doInvokeMethod(MetaClassImpl.java:1369)at groovy.lang.MetaClassImpl.invokeMethod(MetaClassImpl.java:1103)at groovy.lang.MetaClassImpl.invokeMethod(MetaClassImpl.java:1009)at groovy.lang.MetaClassImpl.invokeMethod(MetaClassImpl.java:792)at io.restassured.internal.RequestSpecificationImpl.invokeMethod(RequestSpecificationImpl.groovy)at org.codehaus.groovy.runtime.callsite.PogoInterceptableSite.call(PogoInterceptableSite.java:46)at org.codehaus.groovy.runtime.callsite.AbstractCallSite.call(AbstractCallSite.java:166)at io.restassured.internal.filter.SendRequestFilter.filter(SendRequestFilter.groovy:30)at io.restassured.filter.Filter$filter$0.call(Unknown Source)at org.codehaus.groovy.runtime.callsite.CallSiteArray.defaultCall(CallSiteArray.java:46)at io.restassured.filter.Filter$filter.call(Unknown Source)at io.restassured.internal.filter.FilterContextImpl.next(FilterContextImpl.groovy:72)at io.restassured.filter.time.TimingFilter.filter(TimingFilter.java:56)at io.restassured.filter.Filter$filter.call(Unknown Source)at org.codehaus.groovy.runtime.callsite.CallSiteArray.defaultCall(CallSiteArray.java:46)at io.restassured.filter.Filter$filter$0.call(Unknown Source)at io.restassured.internal.filter.FilterContextImpl.next(FilterContextImpl.groovy:72)at io.restassured.filter.FilterContext$next.call(Unknown Source)at io.restassured.internal.RequestSpecificationImpl.applyPathParamsAndSendRequest(RequestSpecificationImpl.groovy:1686)at io.restassured.internal.RequestSpecificationImpl.this$2$applyPathParamsAndSendRequest(RequestSpecificationImpl.groovy)at sun.reflect.NativeMethodAccessorImpl.invoke0(Native Method)at sun.reflect.NativeMethodAccessorImpl.invoke(NativeMethodAccessorImpl.java:62)at sun.reflect.DelegatingMethodAccessorImpl.invoke(DelegatingMethodAccessorImpl.java:43)at java.lang.reflect.Method.invoke(Method.java:498)at org.codehaus.groovy.reflection.CachedMethod.invoke(CachedMethod.java:343)at groovy.lang.MetaMethod.doMethodInvoke(MetaMethod.java:328)at groovy.lang.MetaClassImpl.doInvokeMethod(MetaClassImpl.java:1369)at groovy.lang.MetaClassImpl.invokeMethod(MetaClassImpl.java:1103)at groovy.lang.MetaClassImpl.invokeMethod(MetaClassImpl.java:1009)at groovy.lang.MetaClassImpl.invokeMethod(MetaClassImpl.java:792)at io.restassured.internal.RequestSpecificationImpl.invokeMethod(RequestSpecificationImpl.groovy)at org.codehaus.groovy.runtime.callsite.PogoInterceptableSite.call(PogoInterceptableSite.java:46)at org.codehaus.groovy.runtime.callsite.PogoInterceptableSite.callCurrent(PogoInterceptableSite.java:57)at org.codehaus.groovy.runtime.callsite.AbstractCallSite.callCurrent(AbstractCallSite.java:203)at io.restassured.internal.RequestSpecificationImpl.applyPathParamsAndSendRequest(RequestSpecificationImpl.groovy:1692)at io.restassured.internal.RequestSpecificationImpl.this$2$applyPathParamsAndSendRequest(RequestSpecificationImpl.groovy)at sun.reflect.NativeMethodAccessorImpl.invoke0(Native Method)at sun.reflect.NativeMethodAccessorImpl.invoke(NativeMethodAccessorImpl.java:62)at sun.reflect.DelegatingMethodAccessorImpl.invoke(DelegatingMethodAccessorImpl.java:43)at java.lang.reflect.Method.invoke(Method.java:498)at org.codehaus.groovy.reflection.CachedMethod.invoke(CachedMethod.java:343)at groovy.lang.MetaMethod.doMethodInvoke(MetaMethod.java:328)at groovy.lang.MetaClassImpl.doInvokeMethod(MetaClassImpl.java:1369)at groovy.lang.MetaClassImpl.invokeMethod(MetaClassImpl.java:1103)at groovy.lang.MetaClassImpl.invokeMethod(MetaClassImpl.java:1009)at groovy.lang.MetaClassImpl.invokeMethod(MetaClassImpl.java:792)at io.restassured.internal.RequestSpecificationImpl.invokeMethod(RequestSpecificationImpl.groovy)at org.codehaus.groovy.runtime.callsite.PogoInterceptableSite.call(PogoInterceptableSite.java:46)at org.codehaus.groovy.runtime.callsite.PogoInterceptableSite.callCurrent(PogoInterceptableSite.java:57)at org.codehaus.groovy.runtime.callsite.CallSiteArray.defaultCallCurrent(CallSiteArray.java:50)at org.codehaus.groovy.runtime.callsite.AbstractCallSite.callCurrent(AbstractCallSite.java:171)at org.codehaus.groovy.runtime.callsite.AbstractCallSite.callCurrent(AbstractCallSite.java:203)at io.restassured.internal.RequestSpecificationImpl.delete(RequestSpecificationImpl.groovy:188)at io.restassured.internal.RequestSpecificationImpl.delete(RequestSpecificationImpl.groovy)at day2.WaystoCreatePostRequests.testDelete(WaystoCreatePostRequests.java:193)at sun.reflect.NativeMethodAccessorImpl.invoke0(Native Method)at sun.reflect.NativeMethodAccessorImpl.invoke(NativeMethodAccessorImpl.java:62)at sun.reflect.DelegatingMethodAccessorImpl.invoke(DelegatingMethodAccessorImpl.java:43)at java.lang.reflect.Method.invoke(Method.java:498)at org.testng.internal.MethodInvocationHelper.invokeMethod(MethodInvocationHelper.java:124)at org.testng.internal.Invoker.invokeMethod(Invoker.java:571)at org.testng.internal.Invoker.invokeTestMethod(Invoker.java:707)at org.testng.internal.Invoker.invokeTestMethods(Invoker.java:979)at org.testng.internal.TestMethodWorker.invokeTestMethods(TestMethodWorker.java:125)at org.testng.internal.TestMethodWorker.run(TestMethodWorker.java:109)at org.testng.TestRunner.privateRun(TestRunner.java:648)at org.testng.TestRunner.run(TestRunner.java:505)at org.testng.SuiteRunner.runTest(SuiteRunner.java:455)at org.testng.SuiteRunner.runSequentially(SuiteRunner.java:450)at org.testng.SuiteRunner.privateRun(SuiteRunner.java:415)at org.testng.SuiteRunner.run(SuiteRunner.java:364)at org.testng.SuiteRunnerWorker.runSuite(SuiteRunnerWorker.java:52)at org.testng.SuiteRunnerWorker.run(SuiteRunnerWorker.java:84)at org.testng.TestNG.runSuitesSequentially(TestNG.java:1187)at org.testng.TestNG.runSuitesLocally(TestNG.java:1116)at org.testng.TestNG.runSuites(TestNG.java:1028)at org.testng.TestNG.run(TestNG.java:996)at org.testng.remote.AbstractRemoteTestNG.run(AbstractRemoteTestNG.java:114)at org.testng.remote.RemoteTestNG.initAndRun(RemoteTestNG.java:251)at org.testng.remote.RemoteTestNG.main(RemoteTestNG.java:77)]]>
    </error>
  </testcase> <!-- testDelete -->
</testsuite> <!-- day2.WaystoCreatePostRequests -->
