<?xml version="1.0" encoding="UTF-8"?>
<!-- Generated by org.testng.reporters.JUnitReportReporter -->
<testsuite skipped="0" hostname="PREM-OPTIMUS" name="day3.HeadersDemo" tests="2" failures="1" timestamp="21 Nov 2023 16:11:50 GMT" time="2.373" errors="0">
  <testcase name="testHeaders" time="2.143" classname="day3.HeadersDemo">
    <failure type="java.lang.AssertionError" message="1 expectation failed.
Expected header &quot;Content-Type&quot; was not &quot;text/html; charset=IS0-8859-1&quot;, was &quot;text/html; charset=ISO-8859-1&quot;. Headers are:
Date=Tue, 21 Nov 2023 16:11:49 GMT
Expires=-1
Cache-Control=private, max-age=0
Content-Type=text/html; charset=ISO-8859-1
Content-Security-Policy-Report-Only=object-src &#039;none&#039;;base-uri &#039;self&#039;;script-src &#039;nonce-jG30h7g5Kkq8GTGPKm0vXg&#039; &#039;strict-dynamic&#039; &#039;report-sample&#039; &#039;unsafe-eval&#039; &#039;unsafe-inline&#039; https: http:;report-uri https://csp.withgoogle.com/csp/gws/other-hp
P3P=CP=&quot;This is not a P3P policy! See g.co/p3phelp for more info.&quot;
Content-Encoding=gzip
Server=gws
X-XSS-Protection=0
X-Frame-Options=SAMEORIGIN
Set-Cookie=1P_JAR=2023-11-21-16; expires=Thu, 21-Dec-2023 16:11:49 GMT; path=/; domain=.google.com; Secure
Set-Cookie=AEC=Ackid1Tyj9YP8EwH4QU3FcQuVKNRh-Ffk32wU6yUaj3Nxcg7dKaZ1pVqzQ; expires=Sun, 19-May-2024 16:11:49 GMT; path=/; domain=.google.com; Secure; HttpOnly; SameSite=lax
Set-Cookie=NID=511=oIwRO63zKy4QvzqvRiq8hHE4nsCFsHXhnXr4Oi5YOrIruYEyUWLlVU0T_YrRl5j1_GhrfYu0IpfivM8EmpEBT71ImJ9w32k_-nqF7xm_IU1zslSSj9FXsmWYE9oxKEtyHXHgUceNv2_zbzyeI5W6rJv4vi-Y08DIrh6LRVZcDhA; expires=Wed, 22-May-2024 16:11:49 GMT; path=/; domain=.google.com; HttpOnly
Alt-Svc=h3=&quot;:443&quot;; ma=2592000,h3-29=&quot;:443&quot;; ma=2592000
Transfer-Encoding=chunked
">
      <![CDATA[java.lang.AssertionError: 1 expectation failed.Expected header "Content-Type" was not "text/html; charset=IS0-8859-1", was "text/html; charset=ISO-8859-1". Headers are:Date=Tue, 21 Nov 2023 16:11:49 GMTExpires=-1Cache-Control=private, max-age=0Content-Type=text/html; charset=ISO-8859-1Content-Security-Policy-Report-Only=object-src 'none';base-uri 'self';script-src 'nonce-jG30h7g5Kkq8GTGPKm0vXg' 'strict-dynamic' 'report-sample' 'unsafe-eval' 'unsafe-inline' https: http:;report-uri https://csp.withgoogle.com/csp/gws/other-hpP3P=CP="This is not a P3P policy! See g.co/p3phelp for more info."Content-Encoding=gzipServer=gwsX-XSS-Protection=0X-Frame-Options=SAMEORIGINSet-Cookie=1P_JAR=2023-11-21-16; expires=Thu, 21-Dec-2023 16:11:49 GMT; path=/; domain=.google.com; SecureSet-Cookie=AEC=Ackid1Tyj9YP8EwH4QU3FcQuVKNRh-Ffk32wU6yUaj3Nxcg7dKaZ1pVqzQ; expires=Sun, 19-May-2024 16:11:49 GMT; path=/; domain=.google.com; Secure; HttpOnly; SameSite=laxSet-Cookie=NID=511=oIwRO63zKy4QvzqvRiq8hHE4nsCFsHXhnXr4Oi5YOrIruYEyUWLlVU0T_YrRl5j1_GhrfYu0IpfivM8EmpEBT71ImJ9w32k_-nqF7xm_IU1zslSSj9FXsmWYE9oxKEtyHXHgUceNv2_zbzyeI5W6rJv4vi-Y08DIrh6LRVZcDhA; expires=Wed, 22-May-2024 16:11:49 GMT; path=/; domain=.google.com; HttpOnlyAlt-Svc=h3=":443"; ma=2592000,h3-29=":443"; ma=2592000Transfer-Encoding=chunkedat sun.reflect.NativeConstructorAccessorImpl.newInstance0(Native Method)at sun.reflect.NativeConstructorAccessorImpl.newInstance(NativeConstructorAccessorImpl.java:62)at sun.reflect.DelegatingConstructorAccessorImpl.newInstance(DelegatingConstructorAccessorImpl.java:45)at java.lang.reflect.Constructor.newInstance(Constructor.java:423)at org.codehaus.groovy.reflection.CachedConstructor.invoke(CachedConstructor.java:73)at org.codehaus.groovy.reflection.CachedConstructor.doConstructorInvoke(CachedConstructor.java:60)at org.codehaus.groovy.runtime.callsite.ConstructorSite$ConstructorSiteNoUnwrap.callConstructor(ConstructorSite.java:86)at org.codehaus.groovy.runtime.callsite.CallSiteArray.defaultCallConstructor(CallSiteArray.java:58)at org.codehaus.groovy.runtime.callsite.AbstractCallSite.callConstructor(AbstractCallSite.java:263)at org.codehaus.groovy.runtime.callsite.AbstractCallSite.callConstructor(AbstractCallSite.java:277)at io.restassured.internal.ResponseSpecificationImpl$HamcrestAssertionClosure.validate(ResponseSpecificationImpl.groovy:512)at io.restassured.internal.ResponseSpecificationImpl$HamcrestAssertionClosure$validate$1.call(Unknown Source)at org.codehaus.groovy.runtime.callsite.CallSiteArray.defaultCall(CallSiteArray.java:46)at org.codehaus.groovy.runtime.callsite.AbstractCallSite.call(AbstractCallSite.java:125)at org.codehaus.groovy.runtime.callsite.AbstractCallSite.call(AbstractCallSite.java:139)at io.restassured.internal.ResponseSpecificationImpl.validateResponseIfRequired(ResponseSpecificationImpl.groovy:696)at io.restassured.internal.ResponseSpecificationImpl.this$2$validateResponseIfRequired(ResponseSpecificationImpl.groovy)at sun.reflect.NativeMethodAccessorImpl.invoke0(Native Method)at sun.reflect.NativeMethodAccessorImpl.invoke(NativeMethodAccessorImpl.java:62)at sun.reflect.DelegatingMethodAccessorImpl.invoke(DelegatingMethodAccessorImpl.java:43)at java.lang.reflect.Method.invoke(Method.java:498)at org.codehaus.groovy.runtime.callsite.PlainObjectMetaMethodSite.doInvoke(PlainObjectMetaMethodSite.java:43)at org.codehaus.groovy.runtime.callsite.PogoMetaMethodSite$PogoCachedMethodSiteNoUnwrapNoCoerce.invoke(PogoMetaMethodSite.java:198)at org.codehaus.groovy.runtime.callsite.PogoMetaMethodSite.callCurrent(PogoMetaMethodSite.java:62)at org.codehaus.groovy.runtime.callsite.CallSiteArray.defaultCallCurrent(CallSiteArray.java:50)at org.codehaus.groovy.runtime.callsite.AbstractCallSite.callCurrent(AbstractCallSite.java:171)at org.codehaus.groovy.runtime.callsite.AbstractCallSite.callCurrent(AbstractCallSite.java:185)at io.restassured.internal.ResponseSpecificationImpl.header(ResponseSpecificationImpl.groovy:191)at io.restassured.specification.ResponseSpecification$header$0.callCurrent(Unknown Source)at org.codehaus.groovy.runtime.callsite.CallSiteArray.defaultCallCurrent(CallSiteArray.java:50)at org.codehaus.groovy.runtime.callsite.AbstractCallSite.callCurrent(AbstractCallSite.java:171)at org.codehaus.groovy.runtime.callsite.AbstractCallSite.callCurrent(AbstractCallSite.java:194)at io.restassured.internal.ResponseSpecificationImpl.header(ResponseSpecificationImpl.groovy:198)at io.restassured.internal.ValidatableResponseOptionsImpl.header(ValidatableResponseOptionsImpl.java:124)at day3.HeadersDemo.testHeaders(HeadersDemo.java:46)at sun.reflect.NativeMethodAccessorImpl.invoke0(Native Method)at sun.reflect.NativeMethodAccessorImpl.invoke(NativeMethodAccessorImpl.java:62)at sun.reflect.DelegatingMethodAccessorImpl.invoke(DelegatingMethodAccessorImpl.java:43)at java.lang.reflect.Method.invoke(Method.java:498)at org.testng.internal.MethodInvocationHelper.invokeMethod(MethodInvocationHelper.java:124)at org.testng.internal.Invoker.invokeMethod(Invoker.java:571)at org.testng.internal.Invoker.invokeTestMethod(Invoker.java:707)at org.testng.internal.Invoker.invokeTestMethods(Invoker.java:979)at org.testng.internal.TestMethodWorker.invokeTestMethods(TestMethodWorker.java:125)at org.testng.internal.TestMethodWorker.run(TestMethodWorker.java:109)at org.testng.TestRunner.privateRun(TestRunner.java:648)at org.testng.TestRunner.run(TestRunner.java:505)at org.testng.SuiteRunner.runTest(SuiteRunner.java:455)at org.testng.SuiteRunner.runSequentially(SuiteRunner.java:450)at org.testng.SuiteRunner.privateRun(SuiteRunner.java:415)at org.testng.SuiteRunner.run(SuiteRunner.java:364)at org.testng.SuiteRunnerWorker.runSuite(SuiteRunnerWorker.java:52)at org.testng.SuiteRunnerWorker.run(SuiteRunnerWorker.java:84)at org.testng.TestNG.runSuitesSequentially(TestNG.java:1187)at org.testng.TestNG.runSuitesLocally(TestNG.java:1116)at org.testng.TestNG.runSuites(TestNG.java:1028)at org.testng.TestNG.run(TestNG.java:996)at org.testng.remote.AbstractRemoteTestNG.run(AbstractRemoteTestNG.java:114)at org.testng.remote.RemoteTestNG.initAndRun(RemoteTestNG.java:251)at org.testng.remote.RemoteTestNG.main(RemoteTestNG.java:77)]]>
    </failure>
  </testcase> <!-- testHeaders -->
  <testcase name="getHeaders" time="0.230" classname="day3.HeadersDemo"/>
</testsuite> <!-- day3.HeadersDemo -->
