<?xml version="1.0" encoding="UTF-8"?>
<!-- Generated by org.testng.reporters.JUnitReportReporter -->
<testsuite skipped="0" hostname="PREM-OPTIMUS" name="day3.LogginDemo" tests="1" failures="0" timestamp="21 Nov 2023 16:21:02 GMT" time="1.511" errors="0">
  <testcase name="testlogs" time="1.511" classname="day3.LogginDemo"/>
</testsuite> <!-- day3.LogginDemo -->
