<?xml version="1.0" encoding="UTF-8"?>
<!-- Generated by org.testng.reporters.JUnitReportReporter -->
<testsuite skipped="0" hostname="PREM-OPTIMUS" name="day3.CookiesDemo" tests="2" failures="0" timestamp="21 Nov 2023 15:44:32 GMT" time="2.335" errors="0">
  <testcase name="testCookies" time="2.056" classname="day3.CookiesDemo"/>
  <testcase name="getCookiesInfo" time="0.279" classname="day3.CookiesDemo"/>
</testsuite> <!-- day3.CookiesDemo -->
