<?xml version="1.0" encoding="UTF-8"?>
<!-- Generated by org.testng.reporters.JUnitReportReporter -->
<testsuite skipped="0" hostname="PREM-OPTIMUS" name="day8.CreateUser" tests="1" failures="0" timestamp="06 Sep 2024 03:51:10 GMT" time="0.575" errors="0">
  <testcase name="test_createUser" time="0.575" classname="day8.CreateUser"/>
</testsuite> <!-- day8.CreateUser -->
