<?xml version="1.0" encoding="UTF-8"?>
<!-- Generated by org.testng.reporters.JUnitReportReporter -->
<testsuite skipped="0" hostname="PREM-OPTIMUS" name="day1.HTTPrequests" tests="4" failures="0" timestamp="21 Nov 2023 03:51:42 GMT" time="3.080" errors="0">
  <testcase name="getUsers" time="1.701" classname="day1.HTTPrequests"/>
  <testcase name="createUser" time="0.598" classname="day1.HTTPrequests"/>
  <testcase name="updateUser" time="0.398" classname="day1.HTTPrequests"/>
  <testcase name="deleteUser" time="0.383" classname="day1.HTTPrequests"/>
</testsuite> <!-- day1.HTTPrequests -->
