<?xml version="1.0" encoding="UTF-8"?>
<!-- Generated by org.testng.reporters.JUnitReportReporter -->
<testsuite skipped="0" hostname="PREM-OPTIMUS" name="day8.GetUser" tests="1" failures="0" timestamp="06 Sep 2024 03:51:10 GMT" time="0.000" errors="0">
  <testcase name="GetUser" time="0.000" classname="day8.GetUser"/>
</testsuite> <!-- day8.GetUser -->
